<component name="libraryTable">
  <library name="junit-4.10-extended-1.0.4">
    <CLASSES>
      <root url="jar://$PROJECT_DIR$/lib/junit-4.10-extended-1.0.4.jar!/" />
    </CLASSES>
    <JAVADOC />
    <SOURCES />
  </library>
</component>